This is pdfTeX, Version 3.14159265-2.6-1.40.19 (MiKTeX 2.9.6630 64-bit) (preloaded format=pdflatex 2018.6.8)  11 JUN 2018 11:39
entering extended mode
**./paper.tex
(paper.tex
LaTeX2e <2017-04-15>
Babel <3.18> and hyphenation patterns for 75 language(s) loaded.
("C:\Users\Han\AppData\Local\Programs\MiKTeX 2.9\tex\latex\amscls\amsart.cls"
Document Class: amsart 2017/10/31 v2.20.4
\linespacing=\dimen102
\normalparindent=\dimen103
\normaltopskip=\skip41
("C:\Users\Han\AppData\Local\Programs\MiKTeX 2.9\tex\latex\amsmath\amsmath.sty"
Package: amsmath 2017/09/02 v2.17a AMS math features
\@mathmargin=\skip42
For additional information on amsmath, use the `?' option.
("C:\Users\Han\AppData\Local\Programs\MiKTeX 2.9\tex\latex\amsmath\amstext.sty"
Package: amstext 2000/06/29 v2.01 AMS text
("C:\Users\Han\AppData\Local\Programs\MiKTeX 2.9\tex\latex\amsmath\amsgen.sty"
File: amsgen.sty 1999/11/30 v2.0 generic functions
\@emptytoks=\toks14
\ex@=\dimen104
)) ("C:\Users\Han\AppData\Local\Programs\MiKTeX 2.9\tex\latex\amsmath\amsbsy.st
y"
Package: amsbsy 1999/11/29 v1.2d Bold Symbols
\pmbraise@=\dimen105
) ("C:\Users\Han\AppData\Local\Programs\MiKTeX 2.9\tex\latex\amsmath\amsopn.sty
"
Package: amsopn 2016/03/08 v2.02 operator names
)
\inf@bad=\count79
LaTeX Info: Redefining \frac on input line 213.
\uproot@=\count80
\leftroot@=\count81
LaTeX Info: Redefining \overline on input line 375.
\classnum@=\count82
\DOTSCASE@=\count83
LaTeX Info: Redefining \ldots on input line 472.
LaTeX Info: Redefining \dots on input line 475.
LaTeX Info: Redefining \cdots on input line 596.
\Mathstrutbox@=\box26
\strutbox@=\box27
\big@size=\dimen106
LaTeX Font Info:    Redeclaring font encoding OML on input line 712.
LaTeX Font Info:    Redeclaring font encoding OMS on input line 713.
\macc@depth=\count84
\c@MaxMatrixCols=\count85
\dotsspace@=\muskip10
\c@parentequation=\count86
\dspbrk@lvl=\count87
\tag@help=\toks15
\row@=\count88
\column@=\count89
\maxfields@=\count90
\andhelp@=\toks16
\eqnshift@=\dimen107
\alignsep@=\dimen108
\tagshift@=\dimen109
\tagwidth@=\dimen110
\totwidth@=\dimen111
\lineht@=\dimen112
\@envbody=\toks17
\multlinegap=\skip43
\multlinetaggap=\skip44
\mathdisplay@stack=\toks18
LaTeX Info: Redefining \[ on input line 2817.
LaTeX Info: Redefining \] on input line 2818.
)
LaTeX Font Info:    Try loading font information for U+msa on input line 398.
 ("C:\Users\Han\AppData\Local\Programs\MiKTeX 2.9\tex\latex\amsfonts\umsa.fd"
File: umsa.fd 2013/01/14 v3.01 AMS symbols A
)
("C:\Users\Han\AppData\Local\Programs\MiKTeX 2.9\tex\latex\amsfonts\amsfonts.st
y"
Package: amsfonts 2013/01/14 v3.01 Basic AMSFonts support
\symAMSa=\mathgroup4
\symAMSb=\mathgroup5
LaTeX Font Info:    Overwriting math alphabet `\mathfrak' in version `bold'
(Font)                  U/euf/m/n --> U/euf/b/n on input line 106.
)
\copyins=\insert199
\abstractbox=\box28
\listisep=\skip45
\c@part=\count91
\c@section=\count92
\c@subsection=\count93
\c@subsubsection=\count94
\c@paragraph=\count95
\c@subparagraph=\count96
\c@figure=\count97
\c@table=\count98
\abovecaptionskip=\skip46
\belowcaptionskip=\skip47
\captionindent=\dimen113
\thm@style=\toks19
\thm@bodyfont=\toks20
\thm@headfont=\toks21
\thm@notefont=\toks22
\thm@headpunct=\toks23
\thm@preskip=\skip48
\thm@postskip=\skip49
\thm@headsep=\skip50
\dth@everypar=\toks24
)
("C:\Users\Han\AppData\Local\Programs\MiKTeX 2.9\tex\latex\hyperref\hyperref.st
y"
Package: hyperref 2018/02/06 v6.86b Hypertext links for LaTeX

("C:\Users\Han\AppData\Local\Programs\MiKTeX 2.9\tex\generic\oberdiek\hobsub-hy
perref.sty"
Package: hobsub-hyperref 2016/05/16 v1.14 Bundle oberdiek, subset hyperref (HO)


("C:\Users\Han\AppData\Local\Programs\MiKTeX 2.9\tex\generic\oberdiek\hobsub-ge
neric.sty"
Package: hobsub-generic 2016/05/16 v1.14 Bundle oberdiek, subset generic (HO)
Package: hobsub 2016/05/16 v1.14 Construct package bundles (HO)
Package: infwarerr 2016/05/16 v1.4 Providing info/warning/error messages (HO)
Package: ltxcmds 2016/05/16 v1.23 LaTeX kernel commands for general use (HO)
Package: ifluatex 2016/05/16 v1.4 Provides the ifluatex switch (HO)
Package ifluatex Info: LuaTeX not detected.
Package: ifvtex 2016/05/16 v1.6 Detect VTeX and its facilities (HO)
Package ifvtex Info: VTeX not detected.
Package: intcalc 2016/05/16 v1.2 Expandable calculations with integers (HO)
Package: ifpdf 2017/03/15 v3.2 Provides the ifpdf switch
Package: etexcmds 2016/05/16 v1.6 Avoid name clashes with e-TeX commands (HO)
Package etexcmds Info: Could not find \expanded.
(etexcmds)             That can mean that you are not using pdfTeX 1.50 or
(etexcmds)             that some package has redefined \expanded.
(etexcmds)             In the latter case, load this package earlier.
Package: kvsetkeys 2016/05/16 v1.17 Key value parser (HO)
Package: kvdefinekeys 2016/05/16 v1.4 Define keys (HO)
Package: pdftexcmds 2018/01/21 v0.26 Utility functions of pdfTeX for LuaTeX (HO
)
Package pdftexcmds Info: LuaTeX not detected.
Package pdftexcmds Info: \pdf@primitive is available.
Package pdftexcmds Info: \pdf@ifprimitive is available.
Package pdftexcmds Info: \pdfdraftmode found.
Package: pdfescape 2016/05/16 v1.14 Implements pdfTeX's escape features (HO)
Package: bigintcalc 2016/05/16 v1.4 Expandable calculations on big integers (HO
)
Package: bitset 2016/05/16 v1.2 Handle bit-vector datatype (HO)
Package: uniquecounter 2016/05/16 v1.3 Provide unlimited unique counter (HO)
)
Package hobsub Info: Skipping package `hobsub' (already loaded).
Package: letltxmacro 2016/05/16 v1.5 Let assignment for LaTeX macros (HO)
Package: hopatch 2016/05/16 v1.3 Wrapper for package hooks (HO)
Package: xcolor-patch 2016/05/16 xcolor patch
Package: atveryend 2016/05/16 v1.9 Hooks at the very end of document (HO)
Package atveryend Info: \enddocument detected (standard20110627).
Package: atbegshi 2016/06/09 v1.18 At begin shipout hook (HO)
Package: refcount 2016/05/16 v3.5 Data extraction from label references (HO)
Package: hycolor 2016/05/16 v1.8 Color options for hyperref/bookmark (HO)
)
("C:\Users\Han\AppData\Local\Programs\MiKTeX 2.9\tex\latex\graphics\keyval.sty"
Package: keyval 2014/10/28 v1.15 key=value parser (DPC)
\KV@toks@=\toks25
)
("C:\Users\Han\AppData\Local\Programs\MiKTeX 2.9\tex\generic\ifxetex\ifxetex.st
y"
Package: ifxetex 2010/09/12 v0.6 Provides ifxetex conditional
)
("C:\Users\Han\AppData\Local\Programs\MiKTeX 2.9\tex\latex\oberdiek\auxhook.sty
"
Package: auxhook 2016/05/16 v1.4 Hooks for auxiliary files (HO)
)
("C:\Users\Han\AppData\Local\Programs\MiKTeX 2.9\tex\latex\oberdiek\kvoptions.s
ty"
Package: kvoptions 2016/05/16 v3.12 Key value format for package options (HO)
)
\@linkdim=\dimen114
\Hy@linkcounter=\count99
\Hy@pagecounter=\count100

("C:\Users\Han\AppData\Local\Programs\MiKTeX 2.9\tex\latex\hyperref\pd1enc.def"
File: pd1enc.def 2018/02/06 v6.86b Hyperref: PDFDocEncoding definition (HO)
)
\Hy@SavedSpaceFactor=\count101

("C:\Users\Han\AppData\Local\Programs\MiKTeX 2.9\tex\latex\00miktex\hyperref.cf
g"
File: hyperref.cfg 2002/06/06 v1.2 hyperref configuration of TeXLive
)
Package hyperref Info: Hyper figures OFF on input line 4509.
Package hyperref Info: Link nesting OFF on input line 4514.
Package hyperref Info: Hyper index ON on input line 4517.
Package hyperref Info: Plain pages OFF on input line 4524.
Package hyperref Info: Backreferencing OFF on input line 4529.
Package hyperref Info: Implicit mode ON; LaTeX internals redefined.
Package hyperref Info: Bookmarks ON on input line 4762.
\c@Hy@tempcnt=\count102
 ("C:\Users\Han\AppData\Local\Programs\MiKTeX 2.9\tex\latex\url\url.sty"
\Urlmuskip=\muskip11
Package: url 2013/09/16  ver 3.4  Verb mode for urls, etc.
)
LaTeX Info: Redefining \url on input line 5115.
\XeTeXLinkMargin=\dimen115
\Fld@menulength=\count103
\Field@Width=\dimen116
\Fld@charsize=\dimen117
Package hyperref Info: Hyper figures OFF on input line 6369.
Package hyperref Info: Link nesting OFF on input line 6374.
Package hyperref Info: Hyper index ON on input line 6377.
Package hyperref Info: backreferencing OFF on input line 6384.
Package hyperref Info: Link coloring OFF on input line 6389.
Package hyperref Info: Link coloring with OCG OFF on input line 6394.
Package hyperref Info: PDF/A mode OFF on input line 6399.
LaTeX Info: Redefining \ref on input line 6439.
LaTeX Info: Redefining \pageref on input line 6443.
\Hy@abspage=\count104
\c@Item=\count105
\c@Hfootnote=\count106
)
Package hyperref Info: Driver (autodetected): hpdftex.

("C:\Users\Han\AppData\Local\Programs\MiKTeX 2.9\tex\latex\hyperref\hpdftex.def
"
File: hpdftex.def 2018/02/06 v6.86b Hyperref driver for pdfTeX
\Fld@listcount=\count107
\c@bookmark@seq@number=\count108

("C:\Users\Han\AppData\Local\Programs\MiKTeX 2.9\tex\latex\oberdiek\rerunfilech
eck.sty"
Package: rerunfilecheck 2016/05/16 v1.8 Rerun checks for auxiliary files (HO)
Package uniquecounter Info: New unique counter `rerunfilecheck' on input line 2
82.
)
\Hy@SectionHShift=\skip51
)
("C:\Users\Han\AppData\Local\Programs\MiKTeX 2.9\tex\latex\psnfss\times.sty"
Package: times 2005/04/12 PSNFSS-v9.2a (SPQR) 
)
("C:\Users\Han\AppData\Local\Programs\MiKTeX 2.9\tex\latex\preprint\fullpage.st
y"
Package: fullpage 1999/02/23 1.1 (PWD)
\FP@margin=\skip52
)
("C:\Users\Han\AppData\Local\Programs\MiKTeX 2.9\tex\latex\tools\multicol.sty"
Package: multicol 2017/04/11 v1.8q multicolumn formatting (FMi)
\c@tracingmulticols=\count109
\mult@box=\box29
\multicol@leftmargin=\dimen118
\c@unbalance=\count110
\c@collectmore=\count111
\doublecol@number=\count112
\multicoltolerance=\count113
\multicolpretolerance=\count114
\full@width=\dimen119
\page@free=\dimen120
\premulticols=\dimen121
\postmulticols=\dimen122
\multicolsep=\skip53
\multicolbaselineskip=\skip54
\partial@page=\box30
\last@line=\box31
\maxbalancingoverflow=\dimen123
\mult@rightbox=\box32
\mult@grightbox=\box33
\mult@gfirstbox=\box34
\mult@firstbox=\box35
\@tempa=\box36
\@tempa=\box37
\@tempa=\box38
\@tempa=\box39
\@tempa=\box40
\@tempa=\box41
\@tempa=\box42
\@tempa=\box43
\@tempa=\box44
\@tempa=\box45
\@tempa=\box46
\@tempa=\box47
\@tempa=\box48
\@tempa=\box49
\@tempa=\box50
\@tempa=\box51
\@tempa=\box52
\c@columnbadness=\count115
\c@finalcolumnbadness=\count116
\last@try=\dimen124
\multicolovershoot=\dimen125
\multicolundershoot=\dimen126
\mult@nat@firstbox=\box53
\colbreak@box=\box54
\mc@col@check@num=\count117
)
("C:\Users\Han\AppData\Local\Programs\MiKTeX 2.9\tex\latex\fancyhdr\fancyhdr.st
y"
Package: fancyhdr 2017/06/30 v3.9a Extensive control of page headers and footer
s
\f@nch@headwidth=\skip55
\f@nch@O@elh=\skip56
\f@nch@O@erh=\skip57
\f@nch@O@olh=\skip58
\f@nch@O@orh=\skip59
\f@nch@O@elf=\skip60
\f@nch@O@erf=\skip61
\f@nch@O@olf=\skip62
\f@nch@O@orf=\skip63
) ("C:\Users\Han\AppData\Local\Programs\MiKTeX 2.9\tex\latex\tools\array.sty"
Package: array 2016/10/06 v2.4d Tabular extension package (FMi)
\col@sep=\dimen127
\extrarowheight=\dimen128
\NC@list=\toks26
\extratabsurround=\skip64
\backup@length=\skip65
) ("C:\Users\Han\AppData\Local\Programs\MiKTeX 2.9\tex\latex\tools\verbatim.sty
"
Package: verbatim 2014/10/28 v1.5q LaTeX2e package for verbatim enhancements
\every@verbatim=\toks27
\verbatim@line=\toks28
\verbatim@in@stream=\read1
)
("C:\Users\Han\AppData\Local\Programs\MiKTeX 2.9\tex\latex\dblfloatfix\dblfloat
fix.sty"
Package: dblfloatfix 2012/12/31 v1.0a (JAW)

("C:\Users\Han\AppData\Local\Programs\MiKTeX 2.9\tex\latex\base\fixltx2e.sty"
Package: fixltx2e 2016/12/29 v2.1a fixes to LaTeX (obsolete)
Applying: [2015/01/01] Old fixltx2e package on input line 46.


Package fixltx2e Warning: fixltx2e is not required with releases after 2015
(fixltx2e)                All fixes are now in the LaTeX kernel.
(fixltx2e)                See the latexrelease package for details.

Already applied: [0000/00/00] Old fixltx2e package on input line 53.
)
\@dblbotnum=\count118
\c@dblbotnumber=\count119
)
("C:\Users\Han\AppData\Local\Programs\MiKTeX 2.9\tex\latex\caption\caption.sty"
Package: caption 2018/05/01 v3.3-147 Customizing captions (AR)
("C:\Users\Han\AppData\Local\Programs\MiKTeX 2.9\tex\latex\caption\caption3.sty
"
Package: caption3 2018/05/27 v1.8a caption3 kernel (AR)
Package caption3 Info: TeX engine: e-TeX on input line 64.
\captionmargin=\dimen129
\captionmargin@=\dimen130
\captionwidth=\dimen131
\caption@tempdima=\dimen132
\caption@indent=\dimen133
\caption@parindent=\dimen134
\caption@hangindent=\dimen135
)
Package caption Info: AMS or SMF document class.
\c@ContinuedFloat=\count120
Package caption Info: hyperref package is loaded.
) ("C:\Users\Han\AppData\Local\Programs\MiKTeX 2.9\tex\latex\float\float.sty"
Package: float 2001/11/08 v1.3d Float enhancements (AL)
\c@float@type=\count121
\float@exts=\toks29
\float@box=\box55
\@float@everytoks=\toks30
\@floatcapt=\box56
)
("C:\Users\Han\AppData\Local\Programs\MiKTeX 2.9\tex\latex\oberdiek\pdflscape.s
ty"
Package: pdflscape 2016/05/14 v0.11 Display of landscape pages in PDF (HO)

("C:\Users\Han\AppData\Local\Programs\MiKTeX 2.9\tex\latex\graphics\lscape.sty"
Package: lscape 2000/10/22 v3.01 Landscape Pages (DPC)

("C:\Users\Han\AppData\Local\Programs\MiKTeX 2.9\tex\latex\graphics\graphics.st
y"
Package: graphics 2017/06/25 v1.2c Standard LaTeX Graphics (DPC,SPQR)
 ("C:\Users\Han\AppData\Local\Programs\MiKTeX 2.9\tex\latex\graphics\trig.sty"
Package: trig 2016/01/03 v1.10 sin cos tan (DPC)
)
("C:\Users\Han\AppData\Local\Programs\MiKTeX 2.9\tex\latex\graphics-cfg\graphic
s.cfg"
File: graphics.cfg 2016/06/04 v1.11 sample graphics configuration
)
Package graphics Info: Driver file: pdftex.def on input line 99.

("C:\Users\Han\AppData\Local\Programs\MiKTeX 2.9\tex\latex\graphics-def\pdftex.
def"
File: pdftex.def 2018/01/08 v1.0l Graphics/color driver for pdftex
)))
Package pdflscape Info: Auto-detected driver: pdftex on input line 81.
)
("C:\Users\Han\AppData\Local\Programs\MiKTeX 2.9\tex\latex\mathtools\mathtools.
sty"
Package: mathtools 2018/01/08 v1.21 mathematical typesetting tools
 ("C:\Users\Han\AppData\Local\Programs\MiKTeX 2.9\tex\latex\tools\calc.sty"
Package: calc 2014/10/28 v4.3 Infix arithmetic (KKT,FJ)
\calc@Acount=\count122
\calc@Bcount=\count123
\calc@Adimen=\dimen136
\calc@Bdimen=\dimen137
\calc@Askip=\skip66
\calc@Bskip=\skip67
LaTeX Info: Redefining \setlength on input line 80.
LaTeX Info: Redefining \addtolength on input line 81.
\calc@Ccount=\count124
\calc@Cskip=\skip68
)
("C:\Users\Han\AppData\Local\Programs\MiKTeX 2.9\tex\latex\mathtools\mhsetup.st
y"
Package: mhsetup 2017/03/31 v1.3 programming setup (MH)
)
LaTeX Info: Thecontrolsequence`\('isalreadyrobust on input line 129.
LaTeX Info: Thecontrolsequence`\)'isalreadyrobust on input line 129.
LaTeX Info: Thecontrolsequence`\['isalreadyrobust on input line 129.
LaTeX Info: Thecontrolsequence`\]'isalreadyrobust on input line 129.
\g_MT_multlinerow_int=\count125
\l_MT_multwidth_dim=\dimen138
\origjot=\skip69
\l_MT_shortvdotswithinadjustabove_dim=\dimen139
\l_MT_shortvdotswithinadjustbelow_dim=\dimen140
\l_MT_above_intertext_sep=\dimen141
\l_MT_below_intertext_sep=\dimen142
\l_MT_above_shortintertext_sep=\dimen143
\l_MT_below_shortintertext_sep=\dimen144
)
("C:\Users\Han\AppData\Local\Programs\MiKTeX 2.9\tex\latex\sfmath\sfmath.sty"
Package: sfmath 2007/08/27 v0.8 sans serif maths
LaTeX Font Info:    Overwriting symbol font `operators' in version `normal'
(Font)                  OT1/cmr/m/n --> OT1/cmss/m/n on input line 329.
LaTeX Font Info:    Overwriting symbol font `operators' in version `bold'
(Font)                  OT1/cmr/bx/n --> OT1/cmss/bx/n on input line 330.
\symSFMath=\mathgroup6
LaTeX Font Info:    Overwriting symbol font `SFMath' in version `normal'
(Font)                  OT1/cmss/m/sl --> OT1/cmss/m/sl on input line 343.
LaTeX Font Info:    Overwriting symbol font `SFMath' in version `bold'
(Font)                  OT1/cmss/m/sl --> OT1/cmss/bx/n on input line 344.
LaTeX Font Info:    Redeclaring math symbol \imath on input line 398.
LaTeX Font Info:    Redeclaring math symbol \jmath on input line 399.
\symSFMathUp=\mathgroup7
LaTeX Font Info:    Overwriting symbol font `SFMathUp' in version `normal'
(Font)                  OT1/cmss/m/n --> OT1/cmss/m/n on input line 406.
LaTeX Font Info:    Overwriting symbol font `SFMathUp' in version `bold'
(Font)                  OT1/cmss/m/n --> OT1/cmss/bx/n on input line 407.
LaTeX Font Info:    Redeclaring math symbol \ldotp on input line 410.
\symSFMathGreek=\mathgroup8
LaTeX Font Info:    Overwriting symbol font `SFMathGreek' in version `normal'
(Font)                  OT1/cmss/m/n --> OT1/cmss/m/n on input line 419.
LaTeX Font Info:    Overwriting symbol font `SFMathGreek' in version `bold'
(Font)                  OT1/cmss/m/n --> OT1/cmss/bx/n on input line 420.
LaTeX Font Info:    Redeclaring math symbol \Gamma on input line 422.
LaTeX Font Info:    Redeclaring math symbol \Delta on input line 423.
LaTeX Font Info:    Redeclaring math symbol \Theta on input line 424.
LaTeX Font Info:    Redeclaring math symbol \Lambda on input line 425.
LaTeX Font Info:    Redeclaring math symbol \Xi on input line 426.
LaTeX Font Info:    Redeclaring math symbol \Pi on input line 427.
LaTeX Font Info:    Redeclaring math symbol \Sigma on input line 428.
LaTeX Font Info:    Redeclaring math symbol \Upsilon on input line 429.
LaTeX Font Info:    Redeclaring math symbol \Phi on input line 430.
LaTeX Font Info:    Redeclaring math symbol \Psi on input line 431.
LaTeX Font Info:    Redeclaring math symbol \Omega on input line 432.
\symSFMathUpGreek=\mathgroup9
LaTeX Font Info:    Overwriting symbol font `SFMathUpGreek' in version `normal'

(Font)                  OT1/cmss/m/n --> OT1/cmss/m/n on input line 436.
LaTeX Font Info:    Overwriting symbol font `SFMathUpGreek' in version `bold'
(Font)                  OT1/cmss/m/n --> OT1/cmss/bx/n on input line 437.
LaTeX Font Info:    Overwriting math alphabet `\mathnormal' in version `normal'

(Font)                  OML/cmm/m/it --> OT1/cmss/m/sl on input line 446.
LaTeX Font Info:    Overwriting math alphabet `\mathnormal' in version `bold'
(Font)                  OML/cmm/b/it --> OT1/cmss/bx/n on input line 447.
LaTeX Font Info:    Overwriting math alphabet `\mathrm' in version `normal'
(Font)                  OT1/cmss/m/n --> OT1/cmss/m/n on input line 449.
LaTeX Font Info:    Overwriting math alphabet `\mathrm' in version `bold'
(Font)                  OT1/cmss/bx/n --> OT1/cmss/bx/n on input line 450.
LaTeX Font Info:    Overwriting math alphabet `\mathbf' in version `normal'
(Font)                  OT1/cmr/bx/n --> OT1/cmss/bx/n on input line 452.
LaTeX Font Info:    Overwriting math alphabet `\mathbf' in version `bold'
(Font)                  OT1/cmr/bx/n --> OT1/cmss/bx/n on input line 453.
LaTeX Font Info:    Overwriting math alphabet `\mathit' in version `normal'
(Font)                  OT1/cmr/m/it --> OT1/cmss/m/sl on input line 455.
LaTeX Font Info:    Overwriting math alphabet `\mathit' in version `bold'
(Font)                  OT1/cmr/bx/it --> OT1/cmss/m/sl on input line 456.
LaTeX Font Info:    Overwriting math alphabet `\mathsf' in version `normal'
(Font)                  OT1/cmss/m/n --> OT1/cmss/m/n on input line 458.
LaTeX Font Info:    Overwriting math alphabet `\mathsf' in version `bold'
(Font)                  OT1/cmss/bx/n --> OT1/cmss/bx/n on input line 459.
LaTeX Font Info:    Overwriting math alphabet `\mathsl' in version `bold'
(Font)                  OT1/cmss/m/sl --> OT1/cmss/m/sl on input line 466.
)
("C:\Users\Han\AppData\Local\Programs\MiKTeX 2.9\tex\latex\xcolor\xcolor.sty"
Package: xcolor 2016/05/11 v2.12 LaTeX color extensions (UK)

("C:\Users\Han\AppData\Local\Programs\MiKTeX 2.9\tex\latex\graphics-cfg\color.c
fg"
File: color.cfg 2016/01/02 v1.6 sample color configuration
)
Package xcolor Info: Driver file: pdftex.def on input line 225.
Package xcolor Info: Model `cmy' substituted by `cmy0' on input line 1348.
Package xcolor Info: Model `hsb' substituted by `rgb' on input line 1352.
Package xcolor Info: Model `RGB' extended on input line 1364.
Package xcolor Info: Model `HTML' substituted by `rgb' on input line 1366.
Package xcolor Info: Model `Hsb' substituted by `hsb' on input line 1367.
Package xcolor Info: Model `tHsb' substituted by `hsb' on input line 1368.
Package xcolor Info: Model `HSB' substituted by `hsb' on input line 1369.
Package xcolor Info: Model `Gray' substituted by `gray' on input line 1370.
Package xcolor Info: Model `wave' substituted by `hsb' on input line 1371.

("C:\Users\Han\AppData\Local\Programs\MiKTeX 2.9\tex\latex\graphics\dvipsnam.de
f"
File: dvipsnam.def 2016/06/17 v3.0m Driver-dependent file (DPC,SPQR)
))
("C:\Users\Han\AppData\Local\Programs\MiKTeX 2.9\tex\latex\algorithm2e\algorith
m2e.sty"
Package: algorithm2e 2017/07/18 v5.2 algorithms environments
\c@AlgoLine=\count126

("C:\Users\Han\AppData\Local\Programs\MiKTeX 2.9\tex\latex\base\ifthen.sty"
Package: ifthen 2014/09/29 v1.1c Standard LaTeX ifthen package (DPC)
)
\algocf@hangindent=\skip70

("C:\Users\Han\AppData\Local\Programs\MiKTeX 2.9\tex\latex\ifoddpage\ifoddpage.
sty"
Package: ifoddpage 2016/04/23 v1.1 Conditionals for odd/even page detection
\c@checkoddpage=\count127
)
("C:\Users\Han\AppData\Local\Programs\MiKTeX 2.9\tex\latex\tools\xspace.sty"
Package: xspace 2014/10/28 v1.13 Space after command names (DPC,MH)
)
("C:\Users\Han\AppData\Local\Programs\MiKTeX 2.9\tex\latex\ltxmisc\relsize.sty"
Package: relsize 2003/07/04 ver 3.1

Package relsize Warning: Failed to get list of font sizes.
(relsize)                Falling back to old definition. on input line 81.

LaTeX Info: Redefining \larger on input line 218.
LaTeX Info: Redefining \smaller on input line 219.
)
\skiptotal=\skip71
\skiplinenumber=\skip72
\skiprule=\skip73
\skiphlne=\skip74
\skiptext=\skip75
\skiplength=\skip76
\algomargin=\skip77
\skipalgocfslide=\skip78
\algowidth=\dimen145
\inoutsize=\dimen146
\inoutindent=\dimen147
\interspacetitleruled=\dimen148
\interspacealgoruled=\dimen149
\interspacetitleboxruled=\dimen150
\algocf@ruledwidth=\skip79
\algocf@inoutbox=\box57
\algocf@inputbox=\box58
\AlCapSkip=\skip80
\AlCapHSkip=\skip81
\algoskipindent=\skip82
\algocf@nlbox=\box59
\algocf@hangingbox=\box60
\algocf@untilbox=\box61
\algocf@skipuntil=\skip83
\algocf@capbox=\box62
\algocf@lcaptionbox=\skip84
\algoheightruledefault=\skip85
\algoheightrule=\skip86
\algotitleheightruledefault=\skip87
\algotitleheightrule=\skip88
\c@algocfline=\count128
\c@algocfproc=\count129
\c@algocf=\count130
\algocf@algoframe=\box63
\algocf@algobox=\box64
)
("C:\Users\Han\AppData\Local\Programs\MiKTeX 2.9\tex\latex\geometry\geometry.st
y"
Package: geometry 2010/09/12 v5.6 Page Geometry
\Gm@cnth=\count131
\Gm@cntv=\count132
\c@Gm@tempcnt=\count133
\Gm@bindingoffset=\dimen151
\Gm@wd@mp=\dimen152
\Gm@odd@mp=\dimen153
\Gm@even@mp=\dimen154
\Gm@layoutwidth=\dimen155
\Gm@layoutheight=\dimen156
\Gm@layouthoffset=\dimen157
\Gm@layoutvoffset=\dimen158
\Gm@dimlist=\toks31

("C:\Users\Han\AppData\Local\Programs\MiKTeX 2.9\tex\latex\geometry\geometry.cf
g"))
("C:\Users\Han\AppData\Local\Programs\MiKTeX 2.9\tex\latex\seqsplit\seqsplit.st
y"
Package: seqsplit 2006/08/07 v0.1 Splitting long sequences (DNA, RNA, proteins,
 etc.) 
) ("C:\Users\Han\AppData\Local\Programs\MiKTeX 2.9\tex\generic\babel\babel.sty"
Package: babel 2018/02/14 3.18 The Babel package
 ("C:\Users\Han\AppData\Local\Programs\MiKTeX 2.9\tex\generic\babel\switch.def"
File: switch.def 2018/02/14 3.18 Babel switching mechanism
)
*************************************
* Local config file bblopts.cfg used
*
("C:\Users\Han\AppData\Local\Programs\MiKTeX 2.9\tex\latex\arabi\bblopts.cfg"
File: bblopts.cfg 2005/09/08 v0.1 add Arabic and Farsi to "declared" options of
 babel
)
("C:\Users\Han\AppData\Local\Programs\MiKTeX 2.9\tex\latex\babel-english\englis
h.ldf"
Language: english 2017/06/06 v3.3r English support from the babel system

("C:\Users\Han\AppData\Local\Programs\MiKTeX 2.9\tex\generic\babel\babel.def"
File: babel.def 2018/02/14 3.18 Babel common definitions
\babel@savecnt=\count134
\U@D=\dimen159

("C:\Users\Han\AppData\Local\Programs\MiKTeX 2.9\tex\generic\babel\txtbabel.def
")
\bbl@dirlevel=\count135
)
\l@canadian = a dialect from \language\l@american 
\l@australian = a dialect from \language\l@british 
\l@newzealand = a dialect from \language\l@british 
))
("C:\Users\Han\AppData\Local\Programs\MiKTeX 2.9\tex\latex\csquotes\csquotes.st
y"
Package: csquotes 2018/04/13 v5.2d context-sensitive quotations (JAW)

("C:\Users\Han\AppData\Local\Programs\MiKTeX 2.9\tex\latex\etoolbox\etoolbox.st
y"
Package: etoolbox 2018/02/11 v2.5e e-TeX tools for LaTeX (JAW)
\etb@tempcnta=\count136
)
\csq@reset=\count137
\csq@gtype=\count138
\csq@glevel=\count139
\csq@qlevel=\count140
\csq@maxlvl=\count141
\csq@tshold=\count142
\csq@ltx@everypar=\toks32

("C:\Users\Han\AppData\Local\Programs\MiKTeX 2.9\tex\latex\csquotes\csquotes.de
f"
File: csquotes.def 2018/04/13 v5.2d csquotes generic definitions (JAW)
)
Package csquotes Info: Trying to load configuration file 'csquotes.cfg'...
Package csquotes Info: ... configuration file loaded successfully.

("C:\Users\Han\AppData\Local\Programs\MiKTeX 2.9\tex\latex\csquotes\csquotes.cf
g"
File: csquotes.cfg 
)
Package csquotes Info: Enabling multilingual quotes.
)
Package csquotes Info: Allocating character ".
Package csquotes Info: Checking for multilingual support...
Package csquotes Info: ... found 'babel' package.
 (paper.aux)
\openout1 = `paper.aux'.

LaTeX Font Info:    Checking defaults for OML/cmm/m/it on input line 119.
LaTeX Font Info:    ... okay on input line 119.
LaTeX Font Info:    Checking defaults for T1/cmr/m/n on input line 119.
LaTeX Font Info:    ... okay on input line 119.
LaTeX Font Info:    Checking defaults for OT1/cmr/m/n on input line 119.
LaTeX Font Info:    ... okay on input line 119.
LaTeX Font Info:    Checking defaults for OMS/cmsy/m/n on input line 119.
LaTeX Font Info:    ... okay on input line 119.
LaTeX Font Info:    Checking defaults for OMX/cmex/m/n on input line 119.
LaTeX Font Info:    ... okay on input line 119.
LaTeX Font Info:    Checking defaults for U/cmr/m/n on input line 119.
LaTeX Font Info:    ... okay on input line 119.
LaTeX Font Info:    Checking defaults for PD1/pdf/m/n on input line 119.
LaTeX Font Info:    ... okay on input line 119.
LaTeX Font Info:    Try loading font information for OT1+ptm on input line 119.


("C:\Users\Han\AppData\Local\Programs\MiKTeX 2.9\tex\latex\psnfss\ot1ptm.fd"
File: ot1ptm.fd 2001/06/04 font definitions for OT1/ptm.
)
LaTeX Font Info:    Try loading font information for U+msa on input line 119.

("C:\Users\Han\AppData\Local\Programs\MiKTeX 2.9\tex\latex\amsfonts\umsa.fd"
File: umsa.fd 2013/01/14 v3.01 AMS symbols A
)
LaTeX Font Info:    Try loading font information for U+msb on input line 119.

("C:\Users\Han\AppData\Local\Programs\MiKTeX 2.9\tex\latex\amsfonts\umsb.fd"
File: umsb.fd 2013/01/14 v3.01 AMS symbols B
)
\AtBeginShipoutBox=\box65
Package hyperref Info: Link coloring OFF on input line 119.

("C:\Users\Han\AppData\Local\Programs\MiKTeX 2.9\tex\latex\hyperref\nameref.sty
"
Package: nameref 2016/05/21 v2.44 Cross-referencing by name of section

("C:\Users\Han\AppData\Local\Programs\MiKTeX 2.9\tex\generic\oberdiek\gettitles
tring.sty"
Package: gettitlestring 2016/05/16 v1.5 Cleanup title references (HO)
)
\c@section@level=\count143
)
LaTeX Info: Redefining \ref on input line 119.
LaTeX Info: Redefining \pageref on input line 119.
LaTeX Info: Redefining \nameref on input line 119.
 (paper.out) (paper.out)
\@outlinefile=\write3
\openout3 = `paper.out'.

Package caption Info: Begin \AtBeginDocument code.
Package caption Info: float package is loaded.
Package caption Info: End \AtBeginDocument code.

("C:\Users\Han\AppData\Local\Programs\MiKTeX 2.9\tex\context\base\supp-pdf.mkii
"
[Loading MPS to PDF converter (version 2006.09.02).]
\scratchcounter=\count144
\scratchdimen=\dimen160
\scratchbox=\box66
\nofMPsegments=\count145
\nofMParguments=\count146
\everyMPshowfont=\toks33
\MPscratchCnt=\count147
\MPscratchDim=\dimen161
\MPnumerator=\count148
\makeMPintoPDFobject=\count149
\everyMPtoPDFconversion=\toks34
)
("C:\Users\Han\AppData\Local\Programs\MiKTeX 2.9\tex\latex\oberdiek\epstopdf-ba
se.sty"
Package: epstopdf-base 2016/05/15 v2.6 Base part for package epstopdf

("C:\Users\Han\AppData\Local\Programs\MiKTeX 2.9\tex\latex\oberdiek\grfext.sty"
Package: grfext 2016/05/16 v1.2 Manage graphics extensions (HO)
)
Package epstopdf-base Info: Redefining graphics rule for `.eps' on input line 4
38.
Package grfext Info: Graphics extension search list:
(grfext)             [.pdf,.png,.jpg,.mps,.jpeg,.jbig2,.jb2,.PDF,.PNG,.JPG,.JPE
G,.JBIG2,.JB2,.eps]
(grfext)             \AppendGraphicsExtensions on input line 456.
)
("C:\Users\Han\AppData\Local\Programs\MiKTeX 2.9\tex\latex\graphics\graphicx.st
y"
Package: graphicx 2017/06/01 v1.1a Enhanced LaTeX Graphics (DPC,SPQR)
\Gin@req@height=\dimen162
\Gin@req@width=\dimen163
)
*geometry* driver: auto-detecting
*geometry* detected driver: pdftex
*geometry* verbose mode - [ preamble ] result:
* driver: pdftex
* paper: <default>
* layout: <same size as paper>
* layoutoffset:(h,v)=(0.0pt,0.0pt)
* modes: 
* h-part:(L,W,R)=(72.26999pt, 469.75502pt, 72.26999pt)
* v-part:(T,H,B)=(108.405pt, 614.295pt, 72.26999pt)
* \paperwidth=614.295pt
* \paperheight=794.96999pt
* \textwidth=469.75502pt
* \textheight=614.295pt
* \oddsidemargin=0.0pt
* \evensidemargin=0.0pt
* \topmargin=-43.31876pt
* \headheight=65.0pt
* \headsep=14.45377pt
* \topskip=10.0pt
* \footskip=12.0pt
* \marginparwidth=90.0pt
* \marginparsep=11.0pt
* \columnsep=10.0pt
* \skip\footins=7.0pt plus 11.0pt
* \hoffset=0.0pt
* \voffset=0.0pt
* \mag=1000
* \@twocolumnfalse
* \@twosidefalse
* \@mparswitchfalse
* \@reversemarginfalse
* (1in=72.27pt=25.4mm, 1cm=28.453pt)

Package csquotes Info: Making character " active on input line 119.
\GPT@outputbox=\box67
LaTeX Font Info:    Font shape `OT1/ptm/bx/n' in size <9> not available
(Font)              Font shape `OT1/ptm/b/n' tried instead on input line 137.
LaTeX Font Info:    Font shape `OT1/ptm/bx/n' in size <8> not available
(Font)              Font shape `OT1/ptm/b/n' tried instead on input line 137.
(sections/introduction.tex) (sections/background.tex) (sections/consensus.tex

Package multicol Warning: I moved some lines to the next page.
(multicol)                Footnotes on page 1 might be wrong on input line 5.


Overfull \vbox (1.70096pt too high) has occurred while \output is active []


[1{C:/Users/Han/AppData/Local/MiKTeX/2.9/pdftex/config/pdftex.map}]
Missing character: There is no ‚ in font ptmr7t!
Missing character: There is no Ä in font ptmr7t!
Missing character: There is no ú in font ptmr7t!
Missing character: There is no ‚ in font ptmr7t!
Missing character: There is no Ä in font ptmr7t!
Missing character: There is no ù in font ptmr7t!
Missing character: There is no ‚ in font ptmr7t!
Missing character: There is no Ä in font ptmr7t!
Missing character: There is no ú in font ptmr7t!
Missing character: There is no ‚ in font ptmr7t!
Missing character: There is no Ä in font ptmr7t!
Missing character: There is no ù in font ptmr7t!
 [2]
LaTeX Font Info:    Font shape `OT1/ptm/bx/n' in size <7> not available
(Font)              Font shape `OT1/ptm/b/n' tried instead on input line 106.
LaTeX Font Info:    Try loading font information for OT1+pcr on input line 110.


("C:\Users\Han\AppData\Local\Programs\MiKTeX 2.9\tex\latex\psnfss\ot1pcr.fd"
File: ot1pcr.fd 2001/06/04 font definitions for OT1/pcr.
)

LaTeX Warning: Float too large for page by 60.15761pt on input line 251.

[3]) (sections/smart_contract_VM.tex [4] [5])
(sections/blocks_worldstate_txns.tex) (sections/currency.tex [6]
Underfull \hbox (badness 10000) in paragraph at lines 15--17

 []

Missing character: There is no Ô in font ptmr7t!
Missing character: There is no ø in font ptmr7t!
Missing character: There is no • in font ptmr7t!
[7]) (sections/compensation_infra.tex
Underfull \hbox (badness 10000) in paragraph at lines 12--21
[]\OT1/ptm/m/n/9 Gridcoin's dis-tributed pro-cess-ing model re-lies pre-
 []

) (sections/future_direction.tex) (sections/conclusions.tex)
(sections/acknowledgements.tex) (paper.bbl
Underfull \hbox (badness 10000) in paragraph at lines 4--7
[]\OT1/ptm/m/n/7 Container-native stor-age for the open-shift masses. \OT1/ptm/
m/it/7 URL
 []


Underfull \hbox (badness 10000) in paragraph at lines 4--7
\OT1/ptm/m/it/7 https://redhatstorage.redhat.com/2017/10/05/container-native-st
orage-
 []


Underfull \hbox (badness 10000) in paragraph at lines 9--12
[]\OT1/ptm/m/n/7 Deploying 2048 open-shift nodes on the cncf clus-ter. \OT1/ptm
/m/it/7 URL
 []


Underfull \hbox (badness 10000) in paragraph at lines 14--17
[]\OT1/ptm/m/n/7 Gridcoin whitepa-per: The com-pu-ta-tion power of a
 []


Underfull \hbox (badness 10000) in paragraph at lines 14--17
\OT1/ptm/m/n/7 blockchain driv-ing sci-ence and data anal-y-sis. \OT1/ptm/m/it/
7 URL
 []


Underfull \hbox (badness 10000) in paragraph at lines 23--25
[]\OT1/ptm/m/n/7 Kubernetes: Build-ing large clus-ters. \OT1/ptm/m/it/7 URL
 []

[8]
Underfull \hbox (badness 10000) in paragraph at lines 27--30
[]\OT1/ptm/m/n/7 Kubernetes scal-ing and per-for-mance goals. \OT1/ptm/m/it/7 U
RL
 []


Underfull \hbox (badness 10000) in paragraph at lines 27--30
\OT1/ptm/m/it/7 https://github.com/kubernetes/community/blob/master/sig-
 []


Underfull \hbox (badness 10000) in paragraph at lines 32--35
[]\OT1/ptm/m/n/7 Red hat open-shift con-tainer plat-form's clus-ter lim-
 []


Underfull \hbox (badness 10000) in paragraph at lines 32--35
\OT1/ptm/m/n/7 its. \OT1/ptm/m/it/7 URL https://access.redhat.com/documentation
/en-
 []

Missing character: There is no ‚ in font ptmr7t!
Missing character: There is no Ä in font ptmr7t!
Missing character: There is no ì in font ptmr7t!

Underfull \hbox (badness 7558) in paragraph at lines 48--53
\OT1/ptm/m/n/7 and P. Bun-cic. Cernvm  a vir-tual soft-ware ap-pli-ance for lhc

 []


Underfull \hbox (badness 10000) in paragraph at lines 48--53
\OT1/ptm/m/n/7 ap-pli-ca-tions. \OT1/ptm/m/it/7 URL http://iopscience.iop.org/a
rticle/10.1088/1742-
 []


Underfull \hbox (badness 10000) in paragraph at lines 55--58
[]\OT1/ptm/m/n/7 V. Bu-terin. Ethereum white pa-per, 2014. \OT1/ptm/m/it/7 URL
 []


Underfull \hbox (badness 10000) in paragraph at lines 83--86
[]\OT1/ptm/m/n/7 E. Hilden-brandt, M. Sax-ena, and X. e. a. Zhu. Kevm: A
 []


Underfull \hbox (badness 10000) in paragraph at lines 83--86
\OT1/ptm/m/n/7 com-plete se-man-tics of the ethereum vir-tual ma-chine. \OT1/pt
m/m/it/7 URL
 []

Missing character: There is no √ in font ptmr7t!
Missing character: There is no ± in font ptmr7t!
Missing character: There is no √ in font ptmr7t!
Missing character: There is no ° in font ptmr7t!

Underfull \hbox (badness 10000) in paragraph at lines 143--146
[]\OT1/ptm/m/n/7 T. G. team. The golem project: The golem project. \OT1/ptm/m/i
t/7 URL
 []

)
Package atveryend Info: Empty hook `BeforeClearDocument' on input line 176.
 [9]
Package atveryend Info: Empty hook `AfterLastShipout' on input line 176.
 (paper.aux)
Package atveryend Info: Executing hook `AtVeryEndDocument' on input line 176.
Package atveryend Info: Executing hook `AtEndAfterFileList' on input line 176.
Package rerunfilecheck Info: File `paper.out' has not changed.
(rerunfilecheck)             Checksum: ACE905A132CB6A588D5423E6515F9C68;1651.
Package atveryend Info: Empty hook `AtVeryVeryEnd' on input line 176.
 ) 
Here is how much of TeX's memory you used:
 11837 strings out of 493305
 179966 string characters out of 3130673
 335373 words of memory out of 3000000
 14850 multiletter control sequences out of 15000+200000
 28915 words of font info for 64 fonts, out of 3000000 for 9000
 1302 hyphenation exceptions out of 8191
 36i,20n,43p,930b,838s stack positions out of 5000i,500n,10000p,200000b,50000s
{C:/Users/Han/AppData/Local/Programs/MiKTeX 2.9/fonts/enc/dvips/base/8r.enc}<
C:/Users/Han/AppData/Local/Programs/MiKTeX 2.9/fonts/type1/public/amsfonts/cm/c
mmi6.pfb><C:/Users/Han/AppData/Local/Programs/MiKTeX 2.9/fonts/type1/public/ams
fonts/cm/cmmi9.pfb><C:/Users/Han/AppData/Local/Programs/MiKTeX 2.9/fonts/type1/
public/amsfonts/cm/cmss8.pfb><C:/Users/Han/AppData/Local/Programs/MiKTeX 2.9/fo
nts/type1/public/amsfonts/cm/cmss9.pfb><C:/Users/Han/AppData/Local/Programs/MiK
TeX 2.9/fonts/type1/public/amsfonts/cm/cmssi8.pfb><C:/Users/Han/AppData/Local/P
rograms/MiKTeX 2.9/fonts/type1/public/amsfonts/cm/cmssi9.pfb><C:/Users/Han/AppD
ata/Local/Programs/MiKTeX 2.9/fonts/type1/public/amsfonts/cm/cmsy6.pfb><C:/User
s/Han/AppData/Local/Programs/MiKTeX 2.9/fonts/type1/public/amsfonts/cm/cmsy7.pf
b><C:/Users/Han/AppData/Local/Programs/MiKTeX 2.9/fonts/type1/public/amsfonts/c
m/cmsy9.pfb><C:/Users/Han/AppData/Local/Programs/MiKTeX 2.9/fonts/type1/urw/cou
rier/ucrr8a.pfb><C:/Users/Han/AppData/Local/Programs/MiKTeX 2.9/fonts/type1/urw
/times/utmb8a.pfb><C:/Users/Han/AppData/Local/Programs/MiKTeX 2.9/fonts/type1/u
rw/times/utmr8a.pfb><C:/Users/Han/AppData/Local/Programs/MiKTeX 2.9/fonts/type1
/urw/times/utmri8a.pfb>
Output written on paper.pdf (9 pages, 239226 bytes).
PDF statistics:
 396 PDF objects out of 1000 (max. 8388607)
 158 named destinations out of 1000 (max. 500000)
 185 words of extra memory for PDF output out of 10000 (max. 10000000)

