\BOOKMARK [1][-]{section.1}{1. Introduction}{}% 1
\BOOKMARK [1][-]{section.2}{2. Background}{}% 2
\BOOKMARK [2][-]{subsection.2.1}{2.1. Related Works}{section.2}% 3
\BOOKMARK [1][-]{section.3}{3. Consensus}{}% 4
\BOOKMARK [2][-]{subsection.3.1}{3.1. Design Overview}{section.3}% 5
\BOOKMARK [2][-]{subsection.3.2}{3.2. Recap of Hybrid Consensus Protocol}{section.3}% 6
\BOOKMARK [2][-]{subsection.3.3}{3.3. Variant Day Length and Hybrid Committee Election}{section.3}% 7
\BOOKMARK [2][-]{subsection.3.4}{3.4. Application Specific Design}{section.3}% 8
\BOOKMARK [2][-]{subsection.3.5}{3.5. Computation and Data Sharding, and Speculative Transaction Execution}{section.3}% 9
\BOOKMARK [1][-]{section.4}{4. Smart Contracts in Virtual Machines}{}% 10
\BOOKMARK [2][-]{subsection.4.1}{4.1. Design Rationale}{section.4}% 11
\BOOKMARK [2][-]{subsection.4.2}{4.2. Truechain Virtual Machine \(TVM\)}{section.4}% 12
\BOOKMARK [1][-]{section.5}{5. Blocks, State and Transactions}{}% 13
\BOOKMARK [1][-]{section.6}{6. Changes to the Ethereum Blockchain Paradigm}{}% 14
\BOOKMARK [2][-]{subsection.6.1}{6.1. Fruitchain as snailchain}{section.6}% 15
\BOOKMARK [2][-]{subsection.6.2}{6.2. Incentive Design}{section.6}% 16
\BOOKMARK [2][-]{subsection.6.3}{6.3. Incentive Design}{section.6}% 17
\BOOKMARK [2][-]{subsection.6.4}{6.4. Compensation Infrastructure}{section.6}% 18
\BOOKMARK [1][-]{section.7}{7. Future Direction}{}% 19
\BOOKMARK [1][-]{section.8}{8. Conclusions}{}% 20
\BOOKMARK [1][-]{section.9}{9. Acknowledgements}{}% 21
\BOOKMARK [1][-]{section*.4}{References}{}% 22
\BOOKMARK [1][-]{appendix.A}{Appendix A. Terminology}{}% 23
